[06:00:46] [main/INFO] [LaunchWrapper]: Loading tweak class name net.minecraftforge.fml.common.launcher.FMLServerTweaker
[06:00:46] [main/INFO] [LaunchWrapper]: Using primary tweak class name net.minecraftforge.fml.common.launcher.FMLServerTweaker
[06:00:46] [main/INFO] [LaunchWrapper]: Calling tweak class net.minecraftforge.fml.common.launcher.FMLServerTweaker
[06:00:46] [main/INFO] [FML]: Forge Mod Loader version 14.23.5.2860 for Minecraft 1.12.2 loading
[06:00:46] [main/INFO] [FML]: Java is Java HotSpot(TM) 64-Bit Server VM, version 1.8.0_321, running on Linux:aarch64:5.10.92-v8+, installed at /opt/jdk1.8.0_321/jre
[06:01:07] [main/INFO] [FML]: Searching /home/pi/FTB-Revelation-RPi-Server/./mods for mods
[06:01:07] [main/INFO] [FML]: Searching /home/pi/FTB-Revelation-RPi-Server/./mods/1.12.2 for mods
[06:01:07] [main/WARN] [FML]: Found FMLCorePluginContainsFMLMod marker in Aroma1997Core-1.12.2-2.0.0.2.jar. This is not recommended, @Mods should be in a separate jar from the coremod.
[06:01:07] [main/WARN] [FML]: The coremod aroma1997.core.coremod.CoreMod does not have a MCVersion annotation, it may cause issues with this version of Minecraft
[06:01:07] [main/WARN] [FML]: Found FMLCorePluginContainsFMLMod marker in astralsorcery-1.12.2-1.10.20.jar. This is not recommended, @Mods should be in a separate jar from the coremod.
[06:01:10] [main/WARN] [FML]: The coremod hellfirepvp.astralsorcery.core.AstralCore does not have a MCVersion annotation, it may cause issues with this version of Minecraft
[06:01:15] [main/INFO] [Astral Core]: [AstralCore] Initialized.
[06:01:15] [main/WARN] [FML]: Found FMLCorePluginContainsFMLMod marker in bedpatch-2.2-1.12.2.jar. This is not recommended, @Mods should be in a separate jar from the coremod.
[06:01:16] [main/INFO] [FML]: Loading tweaker guichaguri.betterfps.tweaker.BetterFpsTweaker from BetterFps-1.4.8.jar
[06:01:16] [main/INFO] [FML]: Loading tweaker codechicken.asm.internal.Tweaker from ChickenASM-1.12-1.0.2.7.jar
[06:01:16] [main/WARN] [FML]: Found FMLCorePluginContainsFMLMod marker in foamfix-0.10.5-1.12.2.jar. This is not recommended, @Mods should be in a separate jar from the coremod.
[06:01:16] [main/WARN] [FML]: The coremod pl.asie.foamfix.coremod.FoamFixCore does not have a MCVersion annotation, it may cause issues with this version of Minecraft
[06:01:16] [main/WARN] [FML]: Found FMLCorePluginContainsFMLMod marker in Forgelin-1.8.3.jar. This is not recommended, @Mods should be in a separate jar from the coremod.
[06:01:16] [main/WARN] [FML]: The coremod net.shadowfacts.forgelin.preloader.ForgelinPlugin does not have a MCVersion annotation, it may cause issues with this version of Minecraft
[06:01:16] [main/WARN] [FML]: The coremod ForgelinPlugin (net.shadowfacts.forgelin.preloader.ForgelinPlugin) is not signed!
[06:01:16] [main/WARN] [FML]: Found FMLCorePluginContainsFMLMod marker in InventoryTweaks-1.63.jar. This is not recommended, @Mods should be in a separate jar from the coremod.
[06:01:16] [main/WARN] [FML]: The coremod invtweaks.forge.asm.FMLPlugin does not have a MCVersion annotation, it may cause issues with this version of Minecraft
